<?xml version="1.0" encoding="UTF-8"?>
<!-- Generated by org.testng.reporters.JUnitReportReporter -->
<testsuite hostname="DESKTOP-EEFI99H" failures="0" tests="1" name="testLayer.LoginEmail" time="3.557" errors="0" timestamp="2024-06-29T01:45:40 EDT" skipped="0">
  <testcase classname="testLayer.LoginEmail" name="Signin" time="3.557"/>
</testsuite> <!-- testLayer.LoginEmail -->
